[0.054s] Invoking command in '/home/rick/ros2_ws/src/build/my_robot_bringup': CMAKE_PREFIX_PATH=${CMAKE_PREFIX_PATH}:/opt/ros/jazzy DEBUGINFOD_URLS=https://debuginfod.ubuntu.com /usr/bin/cmake --build /home/rick/ros2_ws/src/build/my_robot_bringup -- -j4 -l4
[0.306s] Invoked command in '/home/rick/ros2_ws/src/build/my_robot_bringup' returned '0': CMAKE_PREFIX_PATH=${CMAKE_PREFIX_PATH}:/opt/ros/jazzy DEBUGINFOD_URLS=https://debuginfod.ubuntu.com /usr/bin/cmake --build /home/rick/ros2_ws/src/build/my_robot_bringup -- -j4 -l4
[0.334s] Invoking command in '/home/rick/ros2_ws/src/build/my_robot_bringup': CMAKE_PREFIX_PATH=${CMAKE_PREFIX_PATH}:/opt/ros/jazzy DEBUGINFOD_URLS=https://debuginfod.ubuntu.com /usr/bin/cmake --install /home/rick/ros2_ws/src/build/my_robot_bringup
[0.363s] -- Install configuration: ""
[0.363s] -- Execute custom install script
[0.365s] -- Up-to-date symlink: /home/rick/ros2_ws/src/install/my_robot_bringup/share/my_robot_bringup//launch/my_robot_gazebo.launch.xml
[0.366s] -- Up-to-date symlink: /home/rick/ros2_ws/src/install/my_robot_bringup/share/my_robot_bringup//config/gazebo_bridge.yaml
[0.366s] -- Up-to-date symlink: /home/rick/ros2_ws/src/install/my_robot_bringup/share/my_robot_bringup//worlds/test_world.sdf
[0.367s] -- Up-to-date symlink: /home/rick/ros2_ws/src/install/my_robot_bringup/share/ament_index/resource_index/package_run_dependencies/my_robot_bringup
[0.367s] -- Up-to-date symlink: /home/rick/ros2_ws/src/install/my_robot_bringup/share/ament_index/resource_index/parent_prefix_path/my_robot_bringup
[0.368s] -- Up-to-date symlink: /home/rick/ros2_ws/src/install/my_robot_bringup/share/my_robot_bringup/environment/ament_prefix_path.sh
[0.368s] -- Up-to-date symlink: /home/rick/ros2_ws/src/install/my_robot_bringup/share/my_robot_bringup/environment/ament_prefix_path.dsv
[0.368s] -- Up-to-date symlink: /home/rick/ros2_ws/src/install/my_robot_bringup/share/my_robot_bringup/environment/path.sh
[0.373s] -- Up-to-date symlink: /home/rick/ros2_ws/src/install/my_robot_bringup/share/my_robot_bringup/environment/path.dsv
[0.374s] -- Up-to-date symlink: /home/rick/ros2_ws/src/install/my_robot_bringup/share/my_robot_bringup/local_setup.bash
[0.374s] -- Up-to-date symlink: /home/rick/ros2_ws/src/install/my_robot_bringup/share/my_robot_bringup/local_setup.sh
[0.375s] -- Up-to-date symlink: /home/rick/ros2_ws/src/install/my_robot_bringup/share/my_robot_bringup/local_setup.zsh
[0.375s] -- Up-to-date symlink: /home/rick/ros2_ws/src/install/my_robot_bringup/share/my_robot_bringup/local_setup.dsv
[0.375s] -- Symlinking: /home/rick/ros2_ws/src/install/my_robot_bringup/share/my_robot_bringup/package.dsv
[0.398s] -- Up-to-date symlink: /home/rick/ros2_ws/src/install/my_robot_bringup/share/ament_index/resource_index/packages/my_robot_bringup
[0.398s] -- Up-to-date symlink: /home/rick/ros2_ws/src/install/my_robot_bringup/share/my_robot_bringup/cmake/my_robot_bringupConfig.cmake
[0.398s] -- Up-to-date symlink: /home/rick/ros2_ws/src/install/my_robot_bringup/share/my_robot_bringup/cmake/my_robot_bringupConfig-version.cmake
[0.399s] -- Up-to-date symlink: /home/rick/ros2_ws/src/install/my_robot_bringup/share/my_robot_bringup/package.xml
[0.408s] Invoked command in '/home/rick/ros2_ws/src/build/my_robot_bringup' returned '0': CMAKE_PREFIX_PATH=${CMAKE_PREFIX_PATH}:/opt/ros/jazzy DEBUGINFOD_URLS=https://debuginfod.ubuntu.com /usr/bin/cmake --install /home/rick/ros2_ws/src/build/my_robot_bringup
