[0.348s] DEBUG:colcon:Command line arguments: ['/usr/bin/colcon', 'build', '--symlink-install']
[0.349s] DEBUG:colcon:Parsed command line arguments: Namespace(log_base=None, log_level=None, verb_name='build', build_base='build', install_base='install', merge_install=False, symlink_install=True, test_result_base=None, continue_on_error=False, executor='parallel', parallel_workers=4, event_handlers=None, ignore_user_meta=False, metas=['./colcon.meta'], base_paths=['.'], packages_ignore=None, packages_ignore_regex=None, paths=None, packages_up_to=None, packages_up_to_regex=None, packages_above=None, packages_above_and_dependencies=None, packages_above_depth=None, packages_select_by_dep=None, packages_skip_by_dep=None, packages_skip_up_to=None, packages_select_build_failed=False, packages_skip_build_finished=False, packages_select_test_failures=False, packages_skip_test_passed=False, packages_select=None, packages_skip=None, packages_select_regex=None, packages_skip_regex=None, packages_start=None, packages_end=None, allow_overriding=[], cmake_args=None, cmake_target=None, cmake_target_skip_unavailable=False, cmake_clean_cache=False, cmake_clean_first=False, cmake_force_configure=False, ament_cmake_args=None, catkin_cmake_args=None, catkin_skip_building_tests=False, mixin_files=None, mixin=None, verb_parser=<colcon_mixin.mixin.mixin_argument.MixinArgumentDecorator object at 0x754cf6963d70>, verb_extension=<colcon_core.verb.build.BuildVerb object at 0x754cf6963b30>, main=<bound method BuildVerb.main of <colcon_core.verb.build.BuildVerb object at 0x754cf6963b30>>, mixin_verb=('build',))
[0.515s] Level 1:colcon.colcon_core.package_discovery:discover_packages(colcon_meta) check parameters
[0.515s] Level 1:colcon.colcon_core.package_discovery:discover_packages(recursive) check parameters
[0.515s] Level 1:colcon.colcon_core.package_discovery:discover_packages(ignore) check parameters
[0.515s] Level 1:colcon.colcon_core.package_discovery:discover_packages(path) check parameters
[0.515s] Level 1:colcon.colcon_core.package_discovery:discover_packages(colcon_meta) discover
[0.515s] Level 1:colcon.colcon_core.package_discovery:discover_packages(recursive) discover
[0.515s] INFO:colcon.colcon_core.package_discovery:Crawling recursively for packages in '/home/rick/ros2_ws/src'
[0.515s] Level 1:colcon.colcon_core.package_identification:_identify(.) by extensions ['ignore', 'ignore_ament_install']
[0.515s] Level 1:colcon.colcon_core.package_identification:_identify(.) by extension 'ignore'
[0.516s] Level 1:colcon.colcon_core.package_identification:_identify(.) by extension 'ignore_ament_install'
[0.516s] Level 1:colcon.colcon_core.package_identification:_identify(.) by extensions ['colcon_pkg']
[0.516s] Level 1:colcon.colcon_core.package_identification:_identify(.) by extension 'colcon_pkg'
[0.516s] Level 1:colcon.colcon_core.package_identification:_identify(.) by extensions ['colcon_meta']
[0.516s] Level 1:colcon.colcon_core.package_identification:_identify(.) by extension 'colcon_meta'
[0.516s] Level 1:colcon.colcon_core.package_identification:_identify(.) by extensions ['ros']
[0.516s] Level 1:colcon.colcon_core.package_identification:_identify(.) by extension 'ros'
[0.564s] Level 1:colcon.colcon_core.package_identification:_identify(.) by extensions ['cmake', 'python']
[0.564s] Level 1:colcon.colcon_core.package_identification:_identify(.) by extension 'cmake'
[0.564s] Level 1:colcon.colcon_core.package_identification:_identify(.) by extension 'python'
[0.564s] Level 1:colcon.colcon_core.package_identification:_identify(.) by extensions ['python_setup_py']
[0.565s] Level 1:colcon.colcon_core.package_identification:_identify(.) by extension 'python_setup_py'
[0.565s] Level 1:colcon.colcon_core.package_identification:_identify(build) by extensions ['ignore', 'ignore_ament_install']
[0.565s] Level 1:colcon.colcon_core.package_identification:_identify(build) by extension 'ignore'
[0.565s] Level 1:colcon.colcon_core.package_identification:_identify(build) ignored
[0.565s] Level 1:colcon.colcon_core.package_identification:_identify(install) by extensions ['ignore', 'ignore_ament_install']
[0.565s] Level 1:colcon.colcon_core.package_identification:_identify(install) by extension 'ignore'
[0.566s] Level 1:colcon.colcon_core.package_identification:_identify(install) ignored
[0.566s] Level 1:colcon.colcon_core.package_identification:_identify(log) by extensions ['ignore', 'ignore_ament_install']
[0.566s] Level 1:colcon.colcon_core.package_identification:_identify(log) by extension 'ignore'
[0.566s] Level 1:colcon.colcon_core.package_identification:_identify(log) ignored
[0.566s] Level 1:colcon.colcon_core.package_identification:_identify(my_robot_bringup) by extensions ['ignore', 'ignore_ament_install']
[0.566s] Level 1:colcon.colcon_core.package_identification:_identify(my_robot_bringup) by extension 'ignore'
[0.566s] Level 1:colcon.colcon_core.package_identification:_identify(my_robot_bringup) by extension 'ignore_ament_install'
[0.566s] Level 1:colcon.colcon_core.package_identification:_identify(my_robot_bringup) by extensions ['colcon_pkg']
[0.567s] Level 1:colcon.colcon_core.package_identification:_identify(my_robot_bringup) by extension 'colcon_pkg'
[0.567s] Level 1:colcon.colcon_core.package_identification:_identify(my_robot_bringup) by extensions ['colcon_meta']
[0.567s] Level 1:colcon.colcon_core.package_identification:_identify(my_robot_bringup) by extension 'colcon_meta'
[0.567s] Level 1:colcon.colcon_core.package_identification:_identify(my_robot_bringup) by extensions ['ros']
[0.567s] Level 1:colcon.colcon_core.package_identification:_identify(my_robot_bringup) by extension 'ros'
[0.571s] DEBUG:colcon.colcon_core.package_identification:Package 'my_robot_bringup' with type 'ros.ament_cmake' and name 'my_robot_bringup'
[0.572s] Level 1:colcon.colcon_core.package_identification:_identify(my_robot_description) by extensions ['ignore', 'ignore_ament_install']
[0.572s] Level 1:colcon.colcon_core.package_identification:_identify(my_robot_description) by extension 'ignore'
[0.572s] Level 1:colcon.colcon_core.package_identification:_identify(my_robot_description) by extension 'ignore_ament_install'
[0.572s] Level 1:colcon.colcon_core.package_identification:_identify(my_robot_description) by extensions ['colcon_pkg']
[0.572s] Level 1:colcon.colcon_core.package_identification:_identify(my_robot_description) by extension 'colcon_pkg'
[0.572s] Level 1:colcon.colcon_core.package_identification:_identify(my_robot_description) by extensions ['colcon_meta']
[0.572s] Level 1:colcon.colcon_core.package_identification:_identify(my_robot_description) by extension 'colcon_meta'
[0.572s] Level 1:colcon.colcon_core.package_identification:_identify(my_robot_description) by extensions ['ros']
[0.572s] Level 1:colcon.colcon_core.package_identification:_identify(my_robot_description) by extension 'ros'
[0.573s] DEBUG:colcon.colcon_core.package_identification:Package 'my_robot_description' with type 'ros.ament_cmake' and name 'my_robot_description'
[0.573s] Level 1:colcon.colcon_core.package_discovery:discover_packages(recursive) using defaults
[0.573s] Level 1:colcon.colcon_core.package_discovery:discover_packages(ignore) discover
[0.573s] Level 1:colcon.colcon_core.package_discovery:discover_packages(ignore) using defaults
[0.573s] Level 1:colcon.colcon_core.package_discovery:discover_packages(path) discover
[0.573s] Level 1:colcon.colcon_core.package_discovery:discover_packages(path) using defaults
[0.628s] Level 1:colcon.colcon_core.package_discovery:discover_packages(prefix_path) check parameters
[0.628s] Level 1:colcon.colcon_core.package_discovery:discover_packages(prefix_path) discover
[0.636s] DEBUG:colcon.colcon_installed_package_information.package_discovery:Found 2 installed packages in /home/rick/ros2_ws/src/install
[0.637s] DEBUG:colcon.colcon_installed_package_information.package_discovery:Found 2 installed packages in /home/rick/ros2_ws/install
[0.640s] DEBUG:colcon.colcon_installed_package_information.package_discovery:Found 319 installed packages in /opt/ros/jazzy
[0.643s] Level 1:colcon.colcon_core.package_discovery:discover_packages(prefix_path) using defaults
[0.766s] Level 5:colcon.colcon_core.verb:set package 'my_robot_bringup' build argument 'cmake_args' from command line to 'None'
[0.766s] Level 5:colcon.colcon_core.verb:set package 'my_robot_bringup' build argument 'cmake_target' from command line to 'None'
[0.766s] Level 5:colcon.colcon_core.verb:set package 'my_robot_bringup' build argument 'cmake_target_skip_unavailable' from command line to 'False'
[0.766s] Level 5:colcon.colcon_core.verb:set package 'my_robot_bringup' build argument 'cmake_clean_cache' from command line to 'False'
[0.766s] Level 5:colcon.colcon_core.verb:set package 'my_robot_bringup' build argument 'cmake_clean_first' from command line to 'False'
[0.767s] Level 5:colcon.colcon_core.verb:set package 'my_robot_bringup' build argument 'cmake_force_configure' from command line to 'False'
[0.767s] Level 5:colcon.colcon_core.verb:set package 'my_robot_bringup' build argument 'ament_cmake_args' from command line to 'None'
[0.767s] Level 5:colcon.colcon_core.verb:set package 'my_robot_bringup' build argument 'catkin_cmake_args' from command line to 'None'
[0.767s] Level 5:colcon.colcon_core.verb:set package 'my_robot_bringup' build argument 'catkin_skip_building_tests' from command line to 'False'
[0.767s] DEBUG:colcon.colcon_core.verb:Building package 'my_robot_bringup' with the following arguments: {'ament_cmake_args': None, 'build_base': '/home/rick/ros2_ws/src/build/my_robot_bringup', 'catkin_cmake_args': None, 'catkin_skip_building_tests': False, 'cmake_args': None, 'cmake_clean_cache': False, 'cmake_clean_first': False, 'cmake_force_configure': False, 'cmake_target': None, 'cmake_target_skip_unavailable': False, 'install_base': '/home/rick/ros2_ws/src/install/my_robot_bringup', 'merge_install': False, 'path': '/home/rick/ros2_ws/src/my_robot_bringup', 'symlink_install': True, 'test_result_base': None}
[0.767s] Level 5:colcon.colcon_core.verb:set package 'my_robot_description' build argument 'cmake_args' from command line to 'None'
[0.768s] Level 5:colcon.colcon_core.verb:set package 'my_robot_description' build argument 'cmake_target' from command line to 'None'
[0.768s] Level 5:colcon.colcon_core.verb:set package 'my_robot_description' build argument 'cmake_target_skip_unavailable' from command line to 'False'
[0.768s] Level 5:colcon.colcon_core.verb:set package 'my_robot_description' build argument 'cmake_clean_cache' from command line to 'False'
[0.768s] Level 5:colcon.colcon_core.verb:set package 'my_robot_description' build argument 'cmake_clean_first' from command line to 'False'
[0.768s] Level 5:colcon.colcon_core.verb:set package 'my_robot_description' build argument 'cmake_force_configure' from command line to 'False'
[0.768s] Level 5:colcon.colcon_core.verb:set package 'my_robot_description' build argument 'ament_cmake_args' from command line to 'None'
[0.768s] Level 5:colcon.colcon_core.verb:set package 'my_robot_description' build argument 'catkin_cmake_args' from command line to 'None'
[0.768s] Level 5:colcon.colcon_core.verb:set package 'my_robot_description' build argument 'catkin_skip_building_tests' from command line to 'False'
[0.768s] DEBUG:colcon.colcon_core.verb:Building package 'my_robot_description' with the following arguments: {'ament_cmake_args': None, 'build_base': '/home/rick/ros2_ws/src/build/my_robot_description', 'catkin_cmake_args': None, 'catkin_skip_building_tests': False, 'cmake_args': None, 'cmake_clean_cache': False, 'cmake_clean_first': False, 'cmake_force_configure': False, 'cmake_target': None, 'cmake_target_skip_unavailable': False, 'install_base': '/home/rick/ros2_ws/src/install/my_robot_description', 'merge_install': False, 'path': '/home/rick/ros2_ws/src/my_robot_description', 'symlink_install': True, 'test_result_base': None}
[0.768s] INFO:colcon.colcon_core.executor:Executing jobs using 'parallel' executor
[0.770s] DEBUG:colcon.colcon_parallel_executor.executor.parallel:run_until_complete
[0.771s] INFO:colcon.colcon_ros.task.ament_cmake.build:Building ROS package in '/home/rick/ros2_ws/src/my_robot_bringup' with build type 'ament_cmake'
[0.771s] INFO:colcon.colcon_cmake.task.cmake.build:Building CMake package in '/home/rick/ros2_ws/src/my_robot_bringup'
[0.778s] INFO:colcon.colcon_core.plugin_system:Skipping extension 'colcon_core.shell.bat': Not used on non-Windows systems
[0.779s] INFO:colcon.colcon_core.shell:Skip shell extension 'powershell' for command environment: Not usable outside of PowerShell
[0.779s] DEBUG:colcon.colcon_core.shell:Skip shell extension 'dsv' for command environment
[0.791s] INFO:colcon.colcon_ros.task.ament_cmake.build:Building ROS package in '/home/rick/ros2_ws/src/my_robot_description' with build type 'ament_cmake'
[0.791s] INFO:colcon.colcon_cmake.task.cmake.build:Building CMake package in '/home/rick/ros2_ws/src/my_robot_description'
[0.791s] INFO:colcon.colcon_core.shell:Skip shell extension 'powershell' for command environment: Not usable outside of PowerShell
[0.791s] DEBUG:colcon.colcon_core.shell:Skip shell extension 'dsv' for command environment
[0.816s] DEBUG:colcon.colcon_core.event_handler.log_command:Invoking command in '/home/rick/ros2_ws/src/build/my_robot_bringup': CMAKE_PREFIX_PATH=${CMAKE_PREFIX_PATH}:/opt/ros/jazzy DEBUGINFOD_URLS=https://debuginfod.ubuntu.com /usr/bin/cmake --build /home/rick/ros2_ws/src/build/my_robot_bringup -- -j4 -l4
[0.828s] DEBUG:colcon.colcon_core.event_handler.log_command:Invoking command in '/home/rick/ros2_ws/src/build/my_robot_description': CMAKE_PREFIX_PATH=${CMAKE_PREFIX_PATH}:/opt/ros/jazzy DEBUGINFOD_URLS=https://debuginfod.ubuntu.com /usr/bin/cmake --build /home/rick/ros2_ws/src/build/my_robot_description -- -j4 -l4
[0.963s] DEBUG:colcon.colcon_core.event_handler.log_command:Invoked command in '/home/rick/ros2_ws/src/build/my_robot_bringup' returned '0': CMAKE_PREFIX_PATH=${CMAKE_PREFIX_PATH}:/opt/ros/jazzy DEBUGINFOD_URLS=https://debuginfod.ubuntu.com /usr/bin/cmake --build /home/rick/ros2_ws/src/build/my_robot_bringup -- -j4 -l4
[0.993s] DEBUG:colcon.colcon_core.event_handler.log_command:Invoking command in '/home/rick/ros2_ws/src/build/my_robot_bringup': CMAKE_PREFIX_PATH=${CMAKE_PREFIX_PATH}:/opt/ros/jazzy DEBUGINFOD_URLS=https://debuginfod.ubuntu.com /usr/bin/cmake --install /home/rick/ros2_ws/src/build/my_robot_bringup
[0.995s] DEBUG:colcon.colcon_core.event_handler.log_command:Invoked command in '/home/rick/ros2_ws/src/build/my_robot_description' returned '0': CMAKE_PREFIX_PATH=${CMAKE_PREFIX_PATH}:/opt/ros/jazzy DEBUGINFOD_URLS=https://debuginfod.ubuntu.com /usr/bin/cmake --build /home/rick/ros2_ws/src/build/my_robot_description -- -j4 -l4
[0.997s] DEBUG:colcon.colcon_core.event_handler.log_command:Invoking command in '/home/rick/ros2_ws/src/build/my_robot_description': CMAKE_PREFIX_PATH=${CMAKE_PREFIX_PATH}:/opt/ros/jazzy DEBUGINFOD_URLS=https://debuginfod.ubuntu.com /usr/bin/cmake --install /home/rick/ros2_ws/src/build/my_robot_description
[1.060s] Level 1:colcon.colcon_core.environment:create_environment_scripts_only(my_robot_description)
[1.061s] DEBUG:colcon.colcon_core.event_handler.log_command:Invoked command in '/home/rick/ros2_ws/src/build/my_robot_description' returned '0': CMAKE_PREFIX_PATH=${CMAKE_PREFIX_PATH}:/opt/ros/jazzy DEBUGINFOD_URLS=https://debuginfod.ubuntu.com /usr/bin/cmake --install /home/rick/ros2_ws/src/build/my_robot_description
[1.066s] Level 1:colcon.colcon_core.environment:checking '/home/rick/ros2_ws/src/install/my_robot_description' for CMake module files
[1.067s] Level 1:colcon.colcon_core.environment:checking '/home/rick/ros2_ws/src/install/my_robot_description' for CMake config files
[1.069s] Level 1:colcon.colcon_core.shell:create_environment_hook('my_robot_description', 'cmake_prefix_path')
[1.069s] INFO:colcon.colcon_core.shell:Creating environment hook '/home/rick/ros2_ws/src/install/my_robot_description/share/my_robot_description/hook/cmake_prefix_path.ps1'
[1.071s] INFO:colcon.colcon_core.shell:Creating environment descriptor '/home/rick/ros2_ws/src/install/my_robot_description/share/my_robot_description/hook/cmake_prefix_path.dsv'
[1.077s] INFO:colcon.colcon_core.shell:Creating environment hook '/home/rick/ros2_ws/src/install/my_robot_description/share/my_robot_description/hook/cmake_prefix_path.sh'
[1.079s] Level 1:colcon.colcon_core.environment:checking '/home/rick/ros2_ws/src/install/my_robot_description/bin'
[1.079s] Level 1:colcon.colcon_core.environment:checking '/home/rick/ros2_ws/src/install/my_robot_description/lib/pkgconfig/my_robot_description.pc'
[1.079s] Level 1:colcon.colcon_core.environment:checking '/home/rick/ros2_ws/src/install/my_robot_description/lib/python3.12/site-packages'
[1.080s] Level 1:colcon.colcon_core.environment:checking '/home/rick/ros2_ws/src/install/my_robot_description/bin'
[1.080s] INFO:colcon.colcon_core.shell:Creating package script '/home/rick/ros2_ws/src/install/my_robot_description/share/my_robot_description/package.ps1'
[1.082s] INFO:colcon.colcon_core.shell:Creating package descriptor '/home/rick/ros2_ws/src/install/my_robot_description/share/my_robot_description/package.dsv'
[1.085s] INFO:colcon.colcon_core.shell:Creating package script '/home/rick/ros2_ws/src/install/my_robot_description/share/my_robot_description/package.sh'
[1.086s] INFO:colcon.colcon_core.shell:Creating package script '/home/rick/ros2_ws/src/install/my_robot_description/share/my_robot_description/package.bash'
[1.087s] INFO:colcon.colcon_core.shell:Creating package script '/home/rick/ros2_ws/src/install/my_robot_description/share/my_robot_description/package.zsh'
[1.088s] Level 1:colcon.colcon_core.environment:create_file_with_runtime_dependencies(/home/rick/ros2_ws/src/install/my_robot_description/share/colcon-core/packages/my_robot_description)
[1.090s] Level 1:colcon.colcon_core.environment:create_environment_scripts_only(my_robot_description)
[1.090s] Level 1:colcon.colcon_core.environment:checking '/home/rick/ros2_ws/src/install/my_robot_description' for CMake module files
[1.092s] Level 1:colcon.colcon_core.environment:checking '/home/rick/ros2_ws/src/install/my_robot_description' for CMake config files
[1.092s] Level 1:colcon.colcon_core.shell:create_environment_hook('my_robot_description', 'cmake_prefix_path')
[1.093s] INFO:colcon.colcon_core.shell:Creating environment hook '/home/rick/ros2_ws/src/install/my_robot_description/share/my_robot_description/hook/cmake_prefix_path.ps1'
[1.094s] INFO:colcon.colcon_core.shell:Creating environment descriptor '/home/rick/ros2_ws/src/install/my_robot_description/share/my_robot_description/hook/cmake_prefix_path.dsv'
[1.096s] INFO:colcon.colcon_core.shell:Creating environment hook '/home/rick/ros2_ws/src/install/my_robot_description/share/my_robot_description/hook/cmake_prefix_path.sh'
[1.097s] Level 1:colcon.colcon_core.environment:checking '/home/rick/ros2_ws/src/install/my_robot_description/bin'
[1.097s] Level 1:colcon.colcon_core.environment:checking '/home/rick/ros2_ws/src/install/my_robot_description/lib/pkgconfig/my_robot_description.pc'
[1.098s] Level 1:colcon.colcon_core.environment:checking '/home/rick/ros2_ws/src/install/my_robot_description/lib/python3.12/site-packages'
[1.098s] Level 1:colcon.colcon_core.environment:checking '/home/rick/ros2_ws/src/install/my_robot_description/bin'
[1.099s] INFO:colcon.colcon_core.shell:Creating package script '/home/rick/ros2_ws/src/install/my_robot_description/share/my_robot_description/package.ps1'
[1.099s] INFO:colcon.colcon_core.shell:Creating package descriptor '/home/rick/ros2_ws/src/install/my_robot_description/share/my_robot_description/package.dsv'
[1.100s] INFO:colcon.colcon_core.shell:Creating package script '/home/rick/ros2_ws/src/install/my_robot_description/share/my_robot_description/package.sh'
[1.101s] INFO:colcon.colcon_core.shell:Creating package script '/home/rick/ros2_ws/src/install/my_robot_description/share/my_robot_description/package.bash'
[1.102s] INFO:colcon.colcon_core.shell:Creating package script '/home/rick/ros2_ws/src/install/my_robot_description/share/my_robot_description/package.zsh'
[1.103s] Level 1:colcon.colcon_core.environment:create_file_with_runtime_dependencies(/home/rick/ros2_ws/src/install/my_robot_description/share/colcon-core/packages/my_robot_description)
[1.104s] Level 1:colcon.colcon_core.environment:create_environment_scripts_only(my_robot_bringup)
[1.105s] Level 1:colcon.colcon_core.environment:checking '/home/rick/ros2_ws/src/install/my_robot_bringup' for CMake module files
[1.106s] Level 1:colcon.colcon_core.environment:checking '/home/rick/ros2_ws/src/install/my_robot_bringup' for CMake config files
[1.107s] Level 1:colcon.colcon_core.shell:create_environment_hook('my_robot_bringup', 'cmake_prefix_path')
[1.107s] INFO:colcon.colcon_core.shell:Creating environment hook '/home/rick/ros2_ws/src/install/my_robot_bringup/share/my_robot_bringup/hook/cmake_prefix_path.ps1'
[1.109s] INFO:colcon.colcon_core.shell:Creating environment descriptor '/home/rick/ros2_ws/src/install/my_robot_bringup/share/my_robot_bringup/hook/cmake_prefix_path.dsv'
[1.110s] DEBUG:colcon.colcon_core.event_handler.log_command:Invoked command in '/home/rick/ros2_ws/src/build/my_robot_bringup' returned '0': CMAKE_PREFIX_PATH=${CMAKE_PREFIX_PATH}:/opt/ros/jazzy DEBUGINFOD_URLS=https://debuginfod.ubuntu.com /usr/bin/cmake --install /home/rick/ros2_ws/src/build/my_robot_bringup
[1.112s] INFO:colcon.colcon_core.shell:Creating environment hook '/home/rick/ros2_ws/src/install/my_robot_bringup/share/my_robot_bringup/hook/cmake_prefix_path.sh'
[1.114s] Level 1:colcon.colcon_core.environment:checking '/home/rick/ros2_ws/src/install/my_robot_bringup/bin'
[1.115s] Level 1:colcon.colcon_core.environment:checking '/home/rick/ros2_ws/src/install/my_robot_bringup/lib/pkgconfig/my_robot_bringup.pc'
[1.115s] Level 1:colcon.colcon_core.environment:checking '/home/rick/ros2_ws/src/install/my_robot_bringup/lib/python3.12/site-packages'
[1.117s] Level 1:colcon.colcon_core.environment:checking '/home/rick/ros2_ws/src/install/my_robot_bringup/bin'
[1.118s] INFO:colcon.colcon_core.shell:Creating package script '/home/rick/ros2_ws/src/install/my_robot_bringup/share/my_robot_bringup/package.ps1'
[1.119s] INFO:colcon.colcon_core.shell:Creating package descriptor '/home/rick/ros2_ws/src/install/my_robot_bringup/share/my_robot_bringup/package.dsv'
[1.120s] INFO:colcon.colcon_core.shell:Creating package script '/home/rick/ros2_ws/src/install/my_robot_bringup/share/my_robot_bringup/package.sh'
[1.121s] INFO:colcon.colcon_core.shell:Creating package script '/home/rick/ros2_ws/src/install/my_robot_bringup/share/my_robot_bringup/package.bash'
[1.121s] INFO:colcon.colcon_core.shell:Creating package script '/home/rick/ros2_ws/src/install/my_robot_bringup/share/my_robot_bringup/package.zsh'
[1.123s] Level 1:colcon.colcon_core.environment:create_file_with_runtime_dependencies(/home/rick/ros2_ws/src/install/my_robot_bringup/share/colcon-core/packages/my_robot_bringup)
[1.124s] Level 1:colcon.colcon_core.environment:create_environment_scripts_only(my_robot_bringup)
[1.124s] Level 1:colcon.colcon_core.environment:checking '/home/rick/ros2_ws/src/install/my_robot_bringup' for CMake module files
[1.125s] Level 1:colcon.colcon_core.environment:checking '/home/rick/ros2_ws/src/install/my_robot_bringup' for CMake config files
[1.126s] Level 1:colcon.colcon_core.shell:create_environment_hook('my_robot_bringup', 'cmake_prefix_path')
[1.126s] INFO:colcon.colcon_core.shell:Creating environment hook '/home/rick/ros2_ws/src/install/my_robot_bringup/share/my_robot_bringup/hook/cmake_prefix_path.ps1'
[1.127s] INFO:colcon.colcon_core.shell:Creating environment descriptor '/home/rick/ros2_ws/src/install/my_robot_bringup/share/my_robot_bringup/hook/cmake_prefix_path.dsv'
[1.128s] INFO:colcon.colcon_core.shell:Creating environment hook '/home/rick/ros2_ws/src/install/my_robot_bringup/share/my_robot_bringup/hook/cmake_prefix_path.sh'
[1.129s] Level 1:colcon.colcon_core.environment:checking '/home/rick/ros2_ws/src/install/my_robot_bringup/bin'
[1.129s] Level 1:colcon.colcon_core.environment:checking '/home/rick/ros2_ws/src/install/my_robot_bringup/lib/pkgconfig/my_robot_bringup.pc'
[1.129s] Level 1:colcon.colcon_core.environment:checking '/home/rick/ros2_ws/src/install/my_robot_bringup/lib/python3.12/site-packages'
[1.130s] Level 1:colcon.colcon_core.environment:checking '/home/rick/ros2_ws/src/install/my_robot_bringup/bin'
[1.130s] INFO:colcon.colcon_core.shell:Creating package script '/home/rick/ros2_ws/src/install/my_robot_bringup/share/my_robot_bringup/package.ps1'
[1.131s] INFO:colcon.colcon_core.shell:Creating package descriptor '/home/rick/ros2_ws/src/install/my_robot_bringup/share/my_robot_bringup/package.dsv'
[1.132s] INFO:colcon.colcon_core.shell:Creating package script '/home/rick/ros2_ws/src/install/my_robot_bringup/share/my_robot_bringup/package.sh'
[1.133s] INFO:colcon.colcon_core.shell:Creating package script '/home/rick/ros2_ws/src/install/my_robot_bringup/share/my_robot_bringup/package.bash'
[1.134s] INFO:colcon.colcon_core.shell:Creating package script '/home/rick/ros2_ws/src/install/my_robot_bringup/share/my_robot_bringup/package.zsh'
[1.135s] Level 1:colcon.colcon_core.environment:create_file_with_runtime_dependencies(/home/rick/ros2_ws/src/install/my_robot_bringup/share/colcon-core/packages/my_robot_bringup)
[1.135s] DEBUG:colcon.colcon_parallel_executor.executor.parallel:closing loop
[1.136s] DEBUG:colcon.colcon_parallel_executor.executor.parallel:loop closed
[1.136s] DEBUG:colcon.colcon_parallel_executor.executor.parallel:run_until_complete finished with '0'
[1.136s] DEBUG:colcon.colcon_core.event_reactor:joining thread
[1.160s] INFO:colcon.colcon_core.plugin_system:Skipping extension 'colcon_notification.desktop_notification.terminal_notifier': Not used on non-Darwin systems
[1.160s] INFO:colcon.colcon_core.plugin_system:Skipping extension 'colcon_notification.desktop_notification.win32': Not used on non-Windows systems
[1.160s] INFO:colcon.colcon_notification.desktop_notification:Sending desktop notification using 'notify2'
[1.197s] DEBUG:colcon.colcon_core.event_reactor:joined thread
[1.197s] INFO:colcon.colcon_core.shell:Creating prefix script '/home/rick/ros2_ws/src/install/local_setup.ps1'
[1.199s] INFO:colcon.colcon_core.shell:Creating prefix util module '/home/rick/ros2_ws/src/install/_local_setup_util_ps1.py'
[1.202s] INFO:colcon.colcon_core.shell:Creating prefix chain script '/home/rick/ros2_ws/src/install/setup.ps1'
[1.210s] INFO:colcon.colcon_core.shell:Creating prefix script '/home/rick/ros2_ws/src/install/local_setup.sh'
[1.212s] INFO:colcon.colcon_core.shell:Creating prefix util module '/home/rick/ros2_ws/src/install/_local_setup_util_sh.py'
[1.214s] INFO:colcon.colcon_core.shell:Creating prefix chain script '/home/rick/ros2_ws/src/install/setup.sh'
[1.218s] INFO:colcon.colcon_core.shell:Creating prefix script '/home/rick/ros2_ws/src/install/local_setup.bash'
[1.220s] INFO:colcon.colcon_core.shell:Creating prefix chain script '/home/rick/ros2_ws/src/install/setup.bash'
[1.226s] INFO:colcon.colcon_core.shell:Creating prefix script '/home/rick/ros2_ws/src/install/local_setup.zsh'
[1.229s] INFO:colcon.colcon_core.shell:Creating prefix chain script '/home/rick/ros2_ws/src/install/setup.zsh'
