[0.067s] Invoking command in '/home/rick/ros2_ws/src/build/my_robot_description': CMAKE_PREFIX_PATH=${CMAKE_PREFIX_PATH}:/opt/ros/jazzy DEBUGINFOD_URLS=https://debuginfod.ubuntu.com /usr/bin/cmake --build /home/rick/ros2_ws/src/build/my_robot_description -- -j4 -l4
[0.316s] Invoked command in '/home/rick/ros2_ws/src/build/my_robot_description' returned '0': CMAKE_PREFIX_PATH=${CMAKE_PREFIX_PATH}:/opt/ros/jazzy DEBUGINFOD_URLS=https://debuginfod.ubuntu.com /usr/bin/cmake --build /home/rick/ros2_ws/src/build/my_robot_description -- -j4 -l4
[0.320s] Invoking command in '/home/rick/ros2_ws/src/build/my_robot_description': CMAKE_PREFIX_PATH=${CMAKE_PREFIX_PATH}:/opt/ros/jazzy DEBUGINFOD_URLS=https://debuginfod.ubuntu.com /usr/bin/cmake --install /home/rick/ros2_ws/src/build/my_robot_description
[0.340s] -- Install configuration: ""
[0.343s] -- Execute custom install script
[0.344s] -- Up-to-date symlink: /home/rick/ros2_ws/src/install/my_robot_description/share/my_robot_description//urdf/arm.xacro
[0.346s] -- Symlinking: /home/rick/ros2_ws/src/install/my_robot_description/share/my_robot_description//urdf/arm2.xacro
[0.370s] -- Up-to-date symlink: /home/rick/ros2_ws/src/install/my_robot_description/share/my_robot_description//urdf/arm_gazebo.xacro
[0.370s] -- Up-to-date symlink: /home/rick/ros2_ws/src/install/my_robot_description/share/my_robot_description//urdf/camera.xacro
[0.374s] -- Up-to-date symlink: /home/rick/ros2_ws/src/install/my_robot_description/share/my_robot_description//urdf/common_properties.xacro
[0.374s] -- Up-to-date symlink: /home/rick/ros2_ws/src/install/my_robot_description/share/my_robot_description//urdf/mobile_base.xacro
[0.374s] -- Up-to-date symlink: /home/rick/ros2_ws/src/install/my_robot_description/share/my_robot_description//urdf/mobile_base_gazebo.xacro
[0.374s] -- Up-to-date symlink: /home/rick/ros2_ws/src/install/my_robot_description/share/my_robot_description//urdf/my_robot.urdf.xacro
[0.375s] -- Symlinking: /home/rick/ros2_ws/src/install/my_robot_description/share/my_robot_description//urdf/test.xacro
[0.399s] -- Up-to-date symlink: /home/rick/ros2_ws/src/install/my_robot_description/share/my_robot_description//launch/display.launch.py
[0.400s] -- Up-to-date symlink: /home/rick/ros2_ws/src/install/my_robot_description/share/my_robot_description//launch/display.launch.xml
[0.400s] -- Up-to-date symlink: /home/rick/ros2_ws/src/install/my_robot_description/share/my_robot_description//rviz/urdf_config.rviz
[0.401s] -- Up-to-date symlink: /home/rick/ros2_ws/src/install/my_robot_description/share/ament_index/resource_index/package_run_dependencies/my_robot_description
[0.401s] -- Up-to-date symlink: /home/rick/ros2_ws/src/install/my_robot_description/share/ament_index/resource_index/parent_prefix_path/my_robot_description
[0.404s] -- Up-to-date symlink: /home/rick/ros2_ws/src/install/my_robot_description/share/my_robot_description/environment/ament_prefix_path.sh
[0.404s] -- Up-to-date symlink: /home/rick/ros2_ws/src/install/my_robot_description/share/my_robot_description/environment/ament_prefix_path.dsv
[0.405s] -- Up-to-date symlink: /home/rick/ros2_ws/src/install/my_robot_description/share/my_robot_description/environment/path.sh
[0.405s] -- Up-to-date symlink: /home/rick/ros2_ws/src/install/my_robot_description/share/my_robot_description/environment/path.dsv
[0.405s] -- Up-to-date symlink: /home/rick/ros2_ws/src/install/my_robot_description/share/my_robot_description/local_setup.bash
[0.406s] -- Up-to-date symlink: /home/rick/ros2_ws/src/install/my_robot_description/share/my_robot_description/local_setup.sh
[0.406s] -- Up-to-date symlink: /home/rick/ros2_ws/src/install/my_robot_description/share/my_robot_description/local_setup.zsh
[0.410s] -- Up-to-date symlink: /home/rick/ros2_ws/src/install/my_robot_description/share/my_robot_description/local_setup.dsv
[0.411s] -- Symlinking: /home/rick/ros2_ws/src/install/my_robot_description/share/my_robot_description/package.dsv
[0.428s] -- Up-to-date symlink: /home/rick/ros2_ws/src/install/my_robot_description/share/ament_index/resource_index/packages/my_robot_description
[0.429s] -- Up-to-date symlink: /home/rick/ros2_ws/src/install/my_robot_description/share/my_robot_description/cmake/my_robot_descriptionConfig.cmake
[0.429s] -- Up-to-date symlink: /home/rick/ros2_ws/src/install/my_robot_description/share/my_robot_description/cmake/my_robot_descriptionConfig-version.cmake
[0.430s] -- Up-to-date symlink: /home/rick/ros2_ws/src/install/my_robot_description/share/my_robot_description/package.xml
[0.448s] Invoked command in '/home/rick/ros2_ws/src/build/my_robot_description' returned '0': CMAKE_PREFIX_PATH=${CMAKE_PREFIX_PATH}:/opt/ros/jazzy DEBUGINFOD_URLS=https://debuginfod.ubuntu.com /usr/bin/cmake --install /home/rick/ros2_ws/src/build/my_robot_description
