[0.038s] Invoking command in '/home/rick/ros2_ws/src/build/my_robot_description': CMAKE_PREFIX_PATH=${CMAKE_PREFIX_PATH}:/opt/ros/jazzy DEBUGINFOD_URLS=https://debuginfod.ubuntu.com /usr/bin/cmake --build /home/rick/ros2_ws/src/build/my_robot_description -- -j4 -l4
[0.207s] Invoked command in '/home/rick/ros2_ws/src/build/my_robot_description' returned '0': CMAKE_PREFIX_PATH=${CMAKE_PREFIX_PATH}:/opt/ros/jazzy DEBUGINFOD_URLS=https://debuginfod.ubuntu.com /usr/bin/cmake --build /home/rick/ros2_ws/src/build/my_robot_description -- -j4 -l4
[0.237s] Invoking command in '/home/rick/ros2_ws/src/build/my_robot_description': CMAKE_PREFIX_PATH=${CMAKE_PREFIX_PATH}:/opt/ros/jazzy DEBUGINFOD_URLS=https://debuginfod.ubuntu.com /usr/bin/cmake --install /home/rick/ros2_ws/src/build/my_robot_description
[0.264s] -- Install configuration: ""
[0.267s] -- Execute custom install script
[0.273s] -- Up-to-date symlink: /home/rick/ros2_ws/src/install/my_robot_description/share/my_robot_description//urdf/arm.xacro
[0.273s] -- Symlinking: /home/rick/ros2_ws/src/install/my_robot_description/share/my_robot_description//urdf/arm_gazebo.xacro
[0.303s] -- Up-to-date symlink: /home/rick/ros2_ws/src/install/my_robot_description/share/my_robot_description//urdf/camera.xacro
[0.305s] -- Up-to-date symlink: /home/rick/ros2_ws/src/install/my_robot_description/share/my_robot_description//urdf/common_properties.xacro
[0.305s] -- Up-to-date symlink: /home/rick/ros2_ws/src/install/my_robot_description/share/my_robot_description//urdf/mobile_base.xacro
[0.305s] -- Up-to-date symlink: /home/rick/ros2_ws/src/install/my_robot_description/share/my_robot_description//urdf/mobile_base_gazebo.xacro
[0.305s] -- Up-to-date symlink: /home/rick/ros2_ws/src/install/my_robot_description/share/my_robot_description//urdf/my_robot.urdf.xacro
[0.305s] -- Up-to-date symlink: /home/rick/ros2_ws/src/install/my_robot_description/share/my_robot_description//launch/display.launch.py
[0.305s] -- Up-to-date symlink: /home/rick/ros2_ws/src/install/my_robot_description/share/my_robot_description//launch/display.launch.xml
[0.306s] -- Up-to-date symlink: /home/rick/ros2_ws/src/install/my_robot_description/share/my_robot_description//rviz/urdf_config.rviz
[0.306s] -- Up-to-date symlink: /home/rick/ros2_ws/src/install/my_robot_description/share/ament_index/resource_index/package_run_dependencies/my_robot_description
[0.306s] -- Up-to-date symlink: /home/rick/ros2_ws/src/install/my_robot_description/share/ament_index/resource_index/parent_prefix_path/my_robot_description
[0.306s] -- Up-to-date symlink: /home/rick/ros2_ws/src/install/my_robot_description/share/my_robot_description/environment/ament_prefix_path.sh
[0.307s] -- Up-to-date symlink: /home/rick/ros2_ws/src/install/my_robot_description/share/my_robot_description/environment/ament_prefix_path.dsv
[0.307s] -- Up-to-date symlink: /home/rick/ros2_ws/src/install/my_robot_description/share/my_robot_description/environment/path.sh
[0.309s] -- Up-to-date symlink: /home/rick/ros2_ws/src/install/my_robot_description/share/my_robot_description/environment/path.dsv
[0.310s] -- Up-to-date symlink: /home/rick/ros2_ws/src/install/my_robot_description/share/my_robot_description/local_setup.bash
[0.312s] -- Up-to-date symlink: /home/rick/ros2_ws/src/install/my_robot_description/share/my_robot_description/local_setup.sh
[0.313s] -- Up-to-date symlink: /home/rick/ros2_ws/src/install/my_robot_description/share/my_robot_description/local_setup.zsh
[0.314s] -- Up-to-date symlink: /home/rick/ros2_ws/src/install/my_robot_description/share/my_robot_description/local_setup.dsv
[0.314s] -- Symlinking: /home/rick/ros2_ws/src/install/my_robot_description/share/my_robot_description/package.dsv
[0.345s] -- Up-to-date symlink: /home/rick/ros2_ws/src/install/my_robot_description/share/ament_index/resource_index/packages/my_robot_description
[0.346s] -- Up-to-date symlink: /home/rick/ros2_ws/src/install/my_robot_description/share/my_robot_description/cmake/my_robot_descriptionConfig.cmake
[0.348s] -- Up-to-date symlink: /home/rick/ros2_ws/src/install/my_robot_description/share/my_robot_description/cmake/my_robot_descriptionConfig-version.cmake
[0.348s] -- Up-to-date symlink: /home/rick/ros2_ws/src/install/my_robot_description/share/my_robot_description/package.xml
[0.367s] Invoked command in '/home/rick/ros2_ws/src/build/my_robot_description' returned '0': CMAKE_PREFIX_PATH=${CMAKE_PREFIX_PATH}:/opt/ros/jazzy DEBUGINFOD_URLS=https://debuginfod.ubuntu.com /usr/bin/cmake --install /home/rick/ros2_ws/src/build/my_robot_description
