[0.037s] Invoking command in '/home/rick/ros2_ws/src/build/my_robot_description': CMAKE_PREFIX_PATH=${CMAKE_PREFIX_PATH}:/opt/ros/jazzy DEBUGINFOD_URLS=https://debuginfod.ubuntu.com /usr/bin/cmake --build /home/rick/ros2_ws/src/build/my_robot_description -- -j4 -l4
[0.204s] Invoked command in '/home/rick/ros2_ws/src/build/my_robot_description' returned '0': CMAKE_PREFIX_PATH=${CMAKE_PREFIX_PATH}:/opt/ros/jazzy DEBUGINFOD_URLS=https://debuginfod.ubuntu.com /usr/bin/cmake --build /home/rick/ros2_ws/src/build/my_robot_description -- -j4 -l4
[0.206s] Invoking command in '/home/rick/ros2_ws/src/build/my_robot_description': CMAKE_PREFIX_PATH=${CMAKE_PREFIX_PATH}:/opt/ros/jazzy DEBUGINFOD_URLS=https://debuginfod.ubuntu.com /usr/bin/cmake --install /home/rick/ros2_ws/src/build/my_robot_description
[0.231s] -- Install configuration: ""
[0.232s] -- Execute custom install script
[0.233s] -- Up-to-date symlink: /home/rick/ros2_ws/src/install/my_robot_description/share/my_robot_description//urdf/arm.xacro
[0.234s] -- Up-to-date symlink: /home/rick/ros2_ws/src/install/my_robot_description/share/my_robot_description//urdf/arm_gazebo.xacro
[0.235s] -- Up-to-date symlink: /home/rick/ros2_ws/src/install/my_robot_description/share/my_robot_description//urdf/camera.xacro
[0.235s] -- Up-to-date symlink: /home/rick/ros2_ws/src/install/my_robot_description/share/my_robot_description//urdf/common_properties.xacro
[0.237s] -- Up-to-date symlink: /home/rick/ros2_ws/src/install/my_robot_description/share/my_robot_description//urdf/mobile_base.xacro
[0.237s] -- Up-to-date symlink: /home/rick/ros2_ws/src/install/my_robot_description/share/my_robot_description//urdf/mobile_base_gazebo.xacro
[0.237s] -- Up-to-date symlink: /home/rick/ros2_ws/src/install/my_robot_description/share/my_robot_description//urdf/my_robot.urdf.xacro
[0.237s] -- Up-to-date symlink: /home/rick/ros2_ws/src/install/my_robot_description/share/my_robot_description//launch/display.launch.py
[0.238s] -- Up-to-date symlink: /home/rick/ros2_ws/src/install/my_robot_description/share/my_robot_description//launch/display.launch.xml
[0.238s] -- Up-to-date symlink: /home/rick/ros2_ws/src/install/my_robot_description/share/my_robot_description//rviz/urdf_config.rviz
[0.238s] -- Up-to-date symlink: /home/rick/ros2_ws/src/install/my_robot_description/share/ament_index/resource_index/package_run_dependencies/my_robot_description
[0.239s] -- Up-to-date symlink: /home/rick/ros2_ws/src/install/my_robot_description/share/ament_index/resource_index/parent_prefix_path/my_robot_description
[0.239s] -- Up-to-date symlink: /home/rick/ros2_ws/src/install/my_robot_description/share/my_robot_description/environment/ament_prefix_path.sh
[0.240s] -- Up-to-date symlink: /home/rick/ros2_ws/src/install/my_robot_description/share/my_robot_description/environment/ament_prefix_path.dsv
[0.240s] -- Up-to-date symlink: /home/rick/ros2_ws/src/install/my_robot_description/share/my_robot_description/environment/path.sh
[0.240s] -- Up-to-date symlink: /home/rick/ros2_ws/src/install/my_robot_description/share/my_robot_description/environment/path.dsv
[0.240s] -- Up-to-date symlink: /home/rick/ros2_ws/src/install/my_robot_description/share/my_robot_description/local_setup.bash
[0.241s] -- Up-to-date symlink: /home/rick/ros2_ws/src/install/my_robot_description/share/my_robot_description/local_setup.sh
[0.242s] -- Up-to-date symlink: /home/rick/ros2_ws/src/install/my_robot_description/share/my_robot_description/local_setup.zsh
[0.242s] -- Up-to-date symlink: /home/rick/ros2_ws/src/install/my_robot_description/share/my_robot_description/local_setup.dsv
[0.242s] -- Symlinking: /home/rick/ros2_ws/src/install/my_robot_description/share/my_robot_description/package.dsv
[0.264s] -- Up-to-date symlink: /home/rick/ros2_ws/src/install/my_robot_description/share/ament_index/resource_index/packages/my_robot_description
[0.264s] -- Up-to-date symlink: /home/rick/ros2_ws/src/install/my_robot_description/share/my_robot_description/cmake/my_robot_descriptionConfig.cmake
[0.264s] -- Up-to-date symlink: /home/rick/ros2_ws/src/install/my_robot_description/share/my_robot_description/cmake/my_robot_descriptionConfig-version.cmake
[0.265s] -- Up-to-date symlink: /home/rick/ros2_ws/src/install/my_robot_description/share/my_robot_description/package.xml
[0.270s] Invoked command in '/home/rick/ros2_ws/src/build/my_robot_description' returned '0': CMAKE_PREFIX_PATH=${CMAKE_PREFIX_PATH}:/opt/ros/jazzy DEBUGINFOD_URLS=https://debuginfod.ubuntu.com /usr/bin/cmake --install /home/rick/ros2_ws/src/build/my_robot_description
