[0.046s] Invoking command in '/home/rick/ros2_ws/src/build/my_robot_description': CMAKE_PREFIX_PATH=${CMAKE_PREFIX_PATH}:/opt/ros/jazzy DEBUGINFOD_URLS=https://debuginfod.ubuntu.com /usr/bin/cmake --build /home/rick/ros2_ws/src/build/my_robot_description -- -j4 -l4
[0.307s] Invoked command in '/home/rick/ros2_ws/src/build/my_robot_description' returned '0': CMAKE_PREFIX_PATH=${CMAKE_PREFIX_PATH}:/opt/ros/jazzy DEBUGINFOD_URLS=https://debuginfod.ubuntu.com /usr/bin/cmake --build /home/rick/ros2_ws/src/build/my_robot_description -- -j4 -l4
[0.309s] Invoking command in '/home/rick/ros2_ws/src/build/my_robot_description': CMAKE_PREFIX_PATH=${CMAKE_PREFIX_PATH}:/opt/ros/jazzy DEBUGINFOD_URLS=https://debuginfod.ubuntu.com /usr/bin/cmake --install /home/rick/ros2_ws/src/build/my_robot_description
[0.333s] -- Install configuration: ""
[0.334s] -- Execute custom install script
[0.338s] -- Up-to-date symlink: /home/rick/ros2_ws/src/install/my_robot_description/share/my_robot_description//urdf/arm.xacro
[0.340s] -- Up-to-date symlink: /home/rick/ros2_ws/src/install/my_robot_description/share/my_robot_description//urdf/arm_gazebo.xacro
[0.340s] -- Up-to-date symlink: /home/rick/ros2_ws/src/install/my_robot_description/share/my_robot_description//urdf/camera.xacro
[0.340s] -- Up-to-date symlink: /home/rick/ros2_ws/src/install/my_robot_description/share/my_robot_description//urdf/common_properties.xacro
[0.341s] -- Up-to-date symlink: /home/rick/ros2_ws/src/install/my_robot_description/share/my_robot_description//urdf/mobile_base.xacro
[0.342s] -- Up-to-date symlink: /home/rick/ros2_ws/src/install/my_robot_description/share/my_robot_description//urdf/mobile_base_gazebo.xacro
[0.343s] -- Up-to-date symlink: /home/rick/ros2_ws/src/install/my_robot_description/share/my_robot_description//urdf/my_robot.urdf.xacro
[0.344s] -- Up-to-date symlink: /home/rick/ros2_ws/src/install/my_robot_description/share/my_robot_description//launch/display.launch.py
[0.345s] -- Up-to-date symlink: /home/rick/ros2_ws/src/install/my_robot_description/share/my_robot_description//launch/display.launch.xml
[0.345s] -- Up-to-date symlink: /home/rick/ros2_ws/src/install/my_robot_description/share/my_robot_description//rviz/urdf_config.rviz
[0.346s] -- Up-to-date symlink: /home/rick/ros2_ws/src/install/my_robot_description/share/ament_index/resource_index/package_run_dependencies/my_robot_description
[0.346s] -- Up-to-date symlink: /home/rick/ros2_ws/src/install/my_robot_description/share/ament_index/resource_index/parent_prefix_path/my_robot_description
[0.346s] -- Up-to-date symlink: /home/rick/ros2_ws/src/install/my_robot_description/share/my_robot_description/environment/ament_prefix_path.sh
[0.346s] -- Up-to-date symlink: /home/rick/ros2_ws/src/install/my_robot_description/share/my_robot_description/environment/ament_prefix_path.dsv
[0.346s] -- Up-to-date symlink: /home/rick/ros2_ws/src/install/my_robot_description/share/my_robot_description/environment/path.sh
[0.346s] -- Up-to-date symlink: /home/rick/ros2_ws/src/install/my_robot_description/share/my_robot_description/environment/path.dsv
[0.347s] -- Up-to-date symlink: /home/rick/ros2_ws/src/install/my_robot_description/share/my_robot_description/local_setup.bash
[0.347s] -- Up-to-date symlink: /home/rick/ros2_ws/src/install/my_robot_description/share/my_robot_description/local_setup.sh
[0.347s] -- Up-to-date symlink: /home/rick/ros2_ws/src/install/my_robot_description/share/my_robot_description/local_setup.zsh
[0.347s] -- Up-to-date symlink: /home/rick/ros2_ws/src/install/my_robot_description/share/my_robot_description/local_setup.dsv
[0.348s] -- Symlinking: /home/rick/ros2_ws/src/install/my_robot_description/share/my_robot_description/package.dsv
[0.372s] -- Up-to-date symlink: /home/rick/ros2_ws/src/install/my_robot_description/share/ament_index/resource_index/packages/my_robot_description
[0.377s] -- Up-to-date symlink: /home/rick/ros2_ws/src/install/my_robot_description/share/my_robot_description/cmake/my_robot_descriptionConfig.cmake
[0.377s] -- Up-to-date symlink: /home/rick/ros2_ws/src/install/my_robot_description/share/my_robot_description/cmake/my_robot_descriptionConfig-version.cmake
[0.377s] -- Up-to-date symlink: /home/rick/ros2_ws/src/install/my_robot_description/share/my_robot_description/package.xml
[0.424s] Invoked command in '/home/rick/ros2_ws/src/build/my_robot_description' returned '0': CMAKE_PREFIX_PATH=${CMAKE_PREFIX_PATH}:/opt/ros/jazzy DEBUGINFOD_URLS=https://debuginfod.ubuntu.com /usr/bin/cmake --install /home/rick/ros2_ws/src/build/my_robot_description
