[0.765s] DEBUG:colcon:Command line arguments: ['/usr/bin/colcon', 'build', '--symlink-install']
[0.766s] DEBUG:colcon:Parsed command line arguments: Namespace(log_base=None, log_level=None, verb_name='build', build_base='build', install_base='install', merge_install=False, symlink_install=True, test_result_base=None, continue_on_error=False, executor='parallel', parallel_workers=4, event_handlers=None, ignore_user_meta=False, metas=['./colcon.meta'], base_paths=['.'], packages_ignore=None, packages_ignore_regex=None, paths=None, packages_up_to=None, packages_up_to_regex=None, packages_above=None, packages_above_and_dependencies=None, packages_above_depth=None, packages_select_by_dep=None, packages_skip_by_dep=None, packages_skip_up_to=None, packages_select_build_failed=False, packages_skip_build_finished=False, packages_select_test_failures=False, packages_skip_test_passed=False, packages_select=None, packages_skip=None, packages_select_regex=None, packages_skip_regex=None, packages_start=None, packages_end=None, allow_overriding=[], cmake_args=None, cmake_target=None, cmake_target_skip_unavailable=False, cmake_clean_cache=False, cmake_clean_first=False, cmake_force_configure=False, ament_cmake_args=None, catkin_cmake_args=None, catkin_skip_building_tests=False, mixin_files=None, mixin=None, verb_parser=<colcon_mixin.mixin.mixin_argument.MixinArgumentDecorator object at 0x71ec71d7bb60>, verb_extension=<colcon_core.verb.build.BuildVerb object at 0x71ec71d7b9e0>, main=<bound method BuildVerb.main of <colcon_core.verb.build.BuildVerb object at 0x71ec71d7b9e0>>, mixin_verb=('build',))
[0.939s] Level 1:colcon.colcon_core.package_discovery:discover_packages(colcon_meta) check parameters
[0.939s] Level 1:colcon.colcon_core.package_discovery:discover_packages(recursive) check parameters
[0.939s] Level 1:colcon.colcon_core.package_discovery:discover_packages(ignore) check parameters
[0.939s] Level 1:colcon.colcon_core.package_discovery:discover_packages(path) check parameters
[0.939s] Level 1:colcon.colcon_core.package_discovery:discover_packages(colcon_meta) discover
[0.940s] Level 1:colcon.colcon_core.package_discovery:discover_packages(recursive) discover
[0.940s] INFO:colcon.colcon_core.package_discovery:Crawling recursively for packages in '/home/rick/ros2_ws/src'
[0.940s] Level 1:colcon.colcon_core.package_identification:_identify(.) by extensions ['ignore', 'ignore_ament_install']
[0.941s] Level 1:colcon.colcon_core.package_identification:_identify(.) by extension 'ignore'
[0.941s] Level 1:colcon.colcon_core.package_identification:_identify(.) by extension 'ignore_ament_install'
[0.941s] Level 1:colcon.colcon_core.package_identification:_identify(.) by extensions ['colcon_pkg']
[0.941s] Level 1:colcon.colcon_core.package_identification:_identify(.) by extension 'colcon_pkg'
[0.941s] Level 1:colcon.colcon_core.package_identification:_identify(.) by extensions ['colcon_meta']
[0.941s] Level 1:colcon.colcon_core.package_identification:_identify(.) by extension 'colcon_meta'
[0.941s] Level 1:colcon.colcon_core.package_identification:_identify(.) by extensions ['ros']
[0.942s] Level 1:colcon.colcon_core.package_identification:_identify(.) by extension 'ros'
[1.030s] Level 1:colcon.colcon_core.package_identification:_identify(.) by extensions ['cmake', 'python']
[1.030s] Level 1:colcon.colcon_core.package_identification:_identify(.) by extension 'cmake'
[1.030s] Level 1:colcon.colcon_core.package_identification:_identify(.) by extension 'python'
[1.031s] Level 1:colcon.colcon_core.package_identification:_identify(.) by extensions ['python_setup_py']
[1.031s] Level 1:colcon.colcon_core.package_identification:_identify(.) by extension 'python_setup_py'
[1.031s] Level 1:colcon.colcon_core.package_identification:_identify(build) by extensions ['ignore', 'ignore_ament_install']
[1.031s] Level 1:colcon.colcon_core.package_identification:_identify(build) by extension 'ignore'
[1.031s] Level 1:colcon.colcon_core.package_identification:_identify(build) ignored
[1.031s] Level 1:colcon.colcon_core.package_identification:_identify(install) by extensions ['ignore', 'ignore_ament_install']
[1.031s] Level 1:colcon.colcon_core.package_identification:_identify(install) by extension 'ignore'
[1.031s] Level 1:colcon.colcon_core.package_identification:_identify(install) ignored
[1.032s] Level 1:colcon.colcon_core.package_identification:_identify(log) by extensions ['ignore', 'ignore_ament_install']
[1.032s] Level 1:colcon.colcon_core.package_identification:_identify(log) by extension 'ignore'
[1.032s] Level 1:colcon.colcon_core.package_identification:_identify(log) ignored
[1.032s] Level 1:colcon.colcon_core.package_identification:_identify(my_robot_bringup) by extensions ['ignore', 'ignore_ament_install']
[1.032s] Level 1:colcon.colcon_core.package_identification:_identify(my_robot_bringup) by extension 'ignore'
[1.032s] Level 1:colcon.colcon_core.package_identification:_identify(my_robot_bringup) by extension 'ignore_ament_install'
[1.032s] Level 1:colcon.colcon_core.package_identification:_identify(my_robot_bringup) by extensions ['colcon_pkg']
[1.032s] Level 1:colcon.colcon_core.package_identification:_identify(my_robot_bringup) by extension 'colcon_pkg'
[1.032s] Level 1:colcon.colcon_core.package_identification:_identify(my_robot_bringup) by extensions ['colcon_meta']
[1.032s] Level 1:colcon.colcon_core.package_identification:_identify(my_robot_bringup) by extension 'colcon_meta'
[1.032s] Level 1:colcon.colcon_core.package_identification:_identify(my_robot_bringup) by extensions ['ros']
[1.033s] Level 1:colcon.colcon_core.package_identification:_identify(my_robot_bringup) by extension 'ros'
[1.044s] DEBUG:colcon.colcon_core.package_identification:Package 'my_robot_bringup' with type 'ros.ament_cmake' and name 'my_robot_bringup'
[1.045s] Level 1:colcon.colcon_core.package_identification:_identify(my_robot_description) by extensions ['ignore', 'ignore_ament_install']
[1.045s] Level 1:colcon.colcon_core.package_identification:_identify(my_robot_description) by extension 'ignore'
[1.045s] Level 1:colcon.colcon_core.package_identification:_identify(my_robot_description) by extension 'ignore_ament_install'
[1.045s] Level 1:colcon.colcon_core.package_identification:_identify(my_robot_description) by extensions ['colcon_pkg']
[1.045s] Level 1:colcon.colcon_core.package_identification:_identify(my_robot_description) by extension 'colcon_pkg'
[1.045s] Level 1:colcon.colcon_core.package_identification:_identify(my_robot_description) by extensions ['colcon_meta']
[1.045s] Level 1:colcon.colcon_core.package_identification:_identify(my_robot_description) by extension 'colcon_meta'
[1.045s] Level 1:colcon.colcon_core.package_identification:_identify(my_robot_description) by extensions ['ros']
[1.045s] Level 1:colcon.colcon_core.package_identification:_identify(my_robot_description) by extension 'ros'
[1.047s] DEBUG:colcon.colcon_core.package_identification:Package 'my_robot_description' with type 'ros.ament_cmake' and name 'my_robot_description'
[1.047s] Level 1:colcon.colcon_core.package_discovery:discover_packages(recursive) using defaults
[1.047s] Level 1:colcon.colcon_core.package_discovery:discover_packages(ignore) discover
[1.047s] Level 1:colcon.colcon_core.package_discovery:discover_packages(ignore) using defaults
[1.047s] Level 1:colcon.colcon_core.package_discovery:discover_packages(path) discover
[1.047s] Level 1:colcon.colcon_core.package_discovery:discover_packages(path) using defaults
[1.110s] Level 1:colcon.colcon_core.package_discovery:discover_packages(prefix_path) check parameters
[1.110s] Level 1:colcon.colcon_core.package_discovery:discover_packages(prefix_path) discover
[1.140s] DEBUG:colcon.colcon_installed_package_information.package_discovery:Found 2 installed packages in /home/rick/ros2_ws/install
[1.143s] DEBUG:colcon.colcon_installed_package_information.package_discovery:Found 319 installed packages in /opt/ros/jazzy
[1.146s] Level 1:colcon.colcon_core.package_discovery:discover_packages(prefix_path) using defaults
[1.384s] Level 5:colcon.colcon_core.verb:set package 'my_robot_bringup' build argument 'cmake_args' from command line to 'None'
[1.384s] Level 5:colcon.colcon_core.verb:set package 'my_robot_bringup' build argument 'cmake_target' from command line to 'None'
[1.385s] Level 5:colcon.colcon_core.verb:set package 'my_robot_bringup' build argument 'cmake_target_skip_unavailable' from command line to 'False'
[1.385s] Level 5:colcon.colcon_core.verb:set package 'my_robot_bringup' build argument 'cmake_clean_cache' from command line to 'False'
[1.385s] Level 5:colcon.colcon_core.verb:set package 'my_robot_bringup' build argument 'cmake_clean_first' from command line to 'False'
[1.385s] Level 5:colcon.colcon_core.verb:set package 'my_robot_bringup' build argument 'cmake_force_configure' from command line to 'False'
[1.385s] Level 5:colcon.colcon_core.verb:set package 'my_robot_bringup' build argument 'ament_cmake_args' from command line to 'None'
[1.385s] Level 5:colcon.colcon_core.verb:set package 'my_robot_bringup' build argument 'catkin_cmake_args' from command line to 'None'
[1.385s] Level 5:colcon.colcon_core.verb:set package 'my_robot_bringup' build argument 'catkin_skip_building_tests' from command line to 'False'
[1.385s] DEBUG:colcon.colcon_core.verb:Building package 'my_robot_bringup' with the following arguments: {'ament_cmake_args': None, 'build_base': '/home/rick/ros2_ws/src/build/my_robot_bringup', 'catkin_cmake_args': None, 'catkin_skip_building_tests': False, 'cmake_args': None, 'cmake_clean_cache': False, 'cmake_clean_first': False, 'cmake_force_configure': False, 'cmake_target': None, 'cmake_target_skip_unavailable': False, 'install_base': '/home/rick/ros2_ws/src/install/my_robot_bringup', 'merge_install': False, 'path': '/home/rick/ros2_ws/src/my_robot_bringup', 'symlink_install': True, 'test_result_base': None}
[1.386s] Level 5:colcon.colcon_core.verb:set package 'my_robot_description' build argument 'cmake_args' from command line to 'None'
[1.386s] Level 5:colcon.colcon_core.verb:set package 'my_robot_description' build argument 'cmake_target' from command line to 'None'
[1.386s] Level 5:colcon.colcon_core.verb:set package 'my_robot_description' build argument 'cmake_target_skip_unavailable' from command line to 'False'
[1.386s] Level 5:colcon.colcon_core.verb:set package 'my_robot_description' build argument 'cmake_clean_cache' from command line to 'False'
[1.386s] Level 5:colcon.colcon_core.verb:set package 'my_robot_description' build argument 'cmake_clean_first' from command line to 'False'
[1.386s] Level 5:colcon.colcon_core.verb:set package 'my_robot_description' build argument 'cmake_force_configure' from command line to 'False'
[1.386s] Level 5:colcon.colcon_core.verb:set package 'my_robot_description' build argument 'ament_cmake_args' from command line to 'None'
[1.386s] Level 5:colcon.colcon_core.verb:set package 'my_robot_description' build argument 'catkin_cmake_args' from command line to 'None'
[1.386s] Level 5:colcon.colcon_core.verb:set package 'my_robot_description' build argument 'catkin_skip_building_tests' from command line to 'False'
[1.386s] DEBUG:colcon.colcon_core.verb:Building package 'my_robot_description' with the following arguments: {'ament_cmake_args': None, 'build_base': '/home/rick/ros2_ws/src/build/my_robot_description', 'catkin_cmake_args': None, 'catkin_skip_building_tests': False, 'cmake_args': None, 'cmake_clean_cache': False, 'cmake_clean_first': False, 'cmake_force_configure': False, 'cmake_target': None, 'cmake_target_skip_unavailable': False, 'install_base': '/home/rick/ros2_ws/src/install/my_robot_description', 'merge_install': False, 'path': '/home/rick/ros2_ws/src/my_robot_description', 'symlink_install': True, 'test_result_base': None}
[1.387s] INFO:colcon.colcon_core.executor:Executing jobs using 'parallel' executor
[1.392s] DEBUG:colcon.colcon_parallel_executor.executor.parallel:run_until_complete
[1.392s] INFO:colcon.colcon_ros.task.ament_cmake.build:Building ROS package in '/home/rick/ros2_ws/src/my_robot_bringup' with build type 'ament_cmake'
[1.392s] INFO:colcon.colcon_cmake.task.cmake.build:Building CMake package in '/home/rick/ros2_ws/src/my_robot_bringup'
[1.410s] INFO:colcon.colcon_core.plugin_system:Skipping extension 'colcon_core.shell.bat': Not used on non-Windows systems
[1.410s] INFO:colcon.colcon_core.shell:Skip shell extension 'powershell' for command environment: Not usable outside of PowerShell
[1.410s] DEBUG:colcon.colcon_core.shell:Skip shell extension 'dsv' for command environment
[1.420s] INFO:colcon.colcon_ros.task.ament_cmake.build:Building ROS package in '/home/rick/ros2_ws/src/my_robot_description' with build type 'ament_cmake'
[1.420s] INFO:colcon.colcon_cmake.task.cmake.build:Building CMake package in '/home/rick/ros2_ws/src/my_robot_description'
[1.421s] INFO:colcon.colcon_core.shell:Skip shell extension 'powershell' for command environment: Not usable outside of PowerShell
[1.421s] DEBUG:colcon.colcon_core.shell:Skip shell extension 'dsv' for command environment
[1.434s] DEBUG:colcon.colcon_core.event_handler.log_command:Invoking command in '/home/rick/ros2_ws/src/build/my_robot_bringup': CMAKE_PREFIX_PATH=${CMAKE_PREFIX_PATH}:/opt/ros/jazzy DEBUGINFOD_URLS=https://debuginfod.ubuntu.com /usr/bin/cmake /home/rick/ros2_ws/src/my_robot_bringup -DAMENT_CMAKE_SYMLINK_INSTALL=1 -DCMAKE_INSTALL_PREFIX=/home/rick/ros2_ws/src/install/my_robot_bringup
[1.474s] DEBUG:colcon.colcon_core.event_handler.log_command:Invoking command in '/home/rick/ros2_ws/src/build/my_robot_description': CMAKE_PREFIX_PATH=${CMAKE_PREFIX_PATH}:/opt/ros/jazzy DEBUGINFOD_URLS=https://debuginfod.ubuntu.com /usr/bin/cmake /home/rick/ros2_ws/src/my_robot_description -DAMENT_CMAKE_SYMLINK_INSTALL=1 -DCMAKE_INSTALL_PREFIX=/home/rick/ros2_ws/src/install/my_robot_description
[4.014s] DEBUG:colcon.colcon_core.event_handler.log_command:Invoked command in '/home/rick/ros2_ws/src/build/my_robot_description' returned '0': CMAKE_PREFIX_PATH=${CMAKE_PREFIX_PATH}:/opt/ros/jazzy DEBUGINFOD_URLS=https://debuginfod.ubuntu.com /usr/bin/cmake /home/rick/ros2_ws/src/my_robot_description -DAMENT_CMAKE_SYMLINK_INSTALL=1 -DCMAKE_INSTALL_PREFIX=/home/rick/ros2_ws/src/install/my_robot_description
[4.016s] DEBUG:colcon.colcon_core.event_handler.log_command:Invoking command in '/home/rick/ros2_ws/src/build/my_robot_description': CMAKE_PREFIX_PATH=${CMAKE_PREFIX_PATH}:/opt/ros/jazzy DEBUGINFOD_URLS=https://debuginfod.ubuntu.com /usr/bin/cmake --build /home/rick/ros2_ws/src/build/my_robot_description -- -j4 -l4
[4.019s] DEBUG:colcon.colcon_core.event_handler.log_command:Invoked command in '/home/rick/ros2_ws/src/build/my_robot_bringup' returned '0': CMAKE_PREFIX_PATH=${CMAKE_PREFIX_PATH}:/opt/ros/jazzy DEBUGINFOD_URLS=https://debuginfod.ubuntu.com /usr/bin/cmake /home/rick/ros2_ws/src/my_robot_bringup -DAMENT_CMAKE_SYMLINK_INSTALL=1 -DCMAKE_INSTALL_PREFIX=/home/rick/ros2_ws/src/install/my_robot_bringup
[4.020s] DEBUG:colcon.colcon_core.event_handler.log_command:Invoking command in '/home/rick/ros2_ws/src/build/my_robot_bringup': CMAKE_PREFIX_PATH=${CMAKE_PREFIX_PATH}:/opt/ros/jazzy DEBUGINFOD_URLS=https://debuginfod.ubuntu.com /usr/bin/cmake --build /home/rick/ros2_ws/src/build/my_robot_bringup -- -j4 -l4
[4.110s] DEBUG:colcon.colcon_core.event_handler.log_command:Invoked command in '/home/rick/ros2_ws/src/build/my_robot_description' returned '0': CMAKE_PREFIX_PATH=${CMAKE_PREFIX_PATH}:/opt/ros/jazzy DEBUGINFOD_URLS=https://debuginfod.ubuntu.com /usr/bin/cmake --build /home/rick/ros2_ws/src/build/my_robot_description -- -j4 -l4
[4.136s] DEBUG:colcon.colcon_core.event_handler.log_command:Invoking command in '/home/rick/ros2_ws/src/build/my_robot_description': CMAKE_PREFIX_PATH=${CMAKE_PREFIX_PATH}:/opt/ros/jazzy DEBUGINFOD_URLS=https://debuginfod.ubuntu.com /usr/bin/cmake --install /home/rick/ros2_ws/src/build/my_robot_description
[4.139s] DEBUG:colcon.colcon_core.event_handler.log_command:Invoked command in '/home/rick/ros2_ws/src/build/my_robot_bringup' returned '0': CMAKE_PREFIX_PATH=${CMAKE_PREFIX_PATH}:/opt/ros/jazzy DEBUGINFOD_URLS=https://debuginfod.ubuntu.com /usr/bin/cmake --build /home/rick/ros2_ws/src/build/my_robot_bringup -- -j4 -l4
[4.143s] DEBUG:colcon.colcon_core.event_handler.log_command:Invoking command in '/home/rick/ros2_ws/src/build/my_robot_bringup': CMAKE_PREFIX_PATH=${CMAKE_PREFIX_PATH}:/opt/ros/jazzy DEBUGINFOD_URLS=https://debuginfod.ubuntu.com /usr/bin/cmake --install /home/rick/ros2_ws/src/build/my_robot_bringup
[4.548s] Level 1:colcon.colcon_core.environment:create_environment_scripts_only(my_robot_bringup)
[4.549s] DEBUG:colcon.colcon_core.event_handler.log_command:Invoked command in '/home/rick/ros2_ws/src/build/my_robot_bringup' returned '0': CMAKE_PREFIX_PATH=${CMAKE_PREFIX_PATH}:/opt/ros/jazzy DEBUGINFOD_URLS=https://debuginfod.ubuntu.com /usr/bin/cmake --install /home/rick/ros2_ws/src/build/my_robot_bringup
[4.564s] Level 1:colcon.colcon_core.environment:checking '/home/rick/ros2_ws/src/install/my_robot_bringup' for CMake module files
[4.565s] Level 1:colcon.colcon_core.environment:checking '/home/rick/ros2_ws/src/install/my_robot_bringup' for CMake config files
[4.566s] Level 1:colcon.colcon_core.shell:create_environment_hook('my_robot_bringup', 'cmake_prefix_path')
[4.566s] INFO:colcon.colcon_core.shell:Creating environment hook '/home/rick/ros2_ws/src/install/my_robot_bringup/share/my_robot_bringup/hook/cmake_prefix_path.ps1'
[4.569s] INFO:colcon.colcon_core.shell:Creating environment descriptor '/home/rick/ros2_ws/src/install/my_robot_bringup/share/my_robot_bringup/hook/cmake_prefix_path.dsv'
[4.570s] INFO:colcon.colcon_core.shell:Creating environment hook '/home/rick/ros2_ws/src/install/my_robot_bringup/share/my_robot_bringup/hook/cmake_prefix_path.sh'
[4.572s] Level 1:colcon.colcon_core.environment:checking '/home/rick/ros2_ws/src/install/my_robot_bringup/bin'
[4.572s] Level 1:colcon.colcon_core.environment:checking '/home/rick/ros2_ws/src/install/my_robot_bringup/lib/pkgconfig/my_robot_bringup.pc'
[4.572s] Level 1:colcon.colcon_core.environment:checking '/home/rick/ros2_ws/src/install/my_robot_bringup/lib/python3.12/site-packages'
[4.573s] Level 1:colcon.colcon_core.environment:checking '/home/rick/ros2_ws/src/install/my_robot_bringup/bin'
[4.573s] INFO:colcon.colcon_core.shell:Creating package script '/home/rick/ros2_ws/src/install/my_robot_bringup/share/my_robot_bringup/package.ps1'
[4.575s] INFO:colcon.colcon_core.shell:Creating package descriptor '/home/rick/ros2_ws/src/install/my_robot_bringup/share/my_robot_bringup/package.dsv'
[4.576s] INFO:colcon.colcon_core.shell:Creating package script '/home/rick/ros2_ws/src/install/my_robot_bringup/share/my_robot_bringup/package.sh'
[4.578s] INFO:colcon.colcon_core.shell:Creating package script '/home/rick/ros2_ws/src/install/my_robot_bringup/share/my_robot_bringup/package.bash'
[4.580s] INFO:colcon.colcon_core.shell:Creating package script '/home/rick/ros2_ws/src/install/my_robot_bringup/share/my_robot_bringup/package.zsh'
[4.582s] Level 1:colcon.colcon_core.environment:create_file_with_runtime_dependencies(/home/rick/ros2_ws/src/install/my_robot_bringup/share/colcon-core/packages/my_robot_bringup)
[4.583s] Level 1:colcon.colcon_core.environment:create_environment_scripts_only(my_robot_bringup)
[4.583s] Level 1:colcon.colcon_core.environment:checking '/home/rick/ros2_ws/src/install/my_robot_bringup' for CMake module files
[4.585s] Level 1:colcon.colcon_core.environment:checking '/home/rick/ros2_ws/src/install/my_robot_bringup' for CMake config files
[4.585s] Level 1:colcon.colcon_core.shell:create_environment_hook('my_robot_bringup', 'cmake_prefix_path')
[4.586s] INFO:colcon.colcon_core.shell:Creating environment hook '/home/rick/ros2_ws/src/install/my_robot_bringup/share/my_robot_bringup/hook/cmake_prefix_path.ps1'
[4.586s] INFO:colcon.colcon_core.shell:Creating environment descriptor '/home/rick/ros2_ws/src/install/my_robot_bringup/share/my_robot_bringup/hook/cmake_prefix_path.dsv'
[4.587s] INFO:colcon.colcon_core.shell:Creating environment hook '/home/rick/ros2_ws/src/install/my_robot_bringup/share/my_robot_bringup/hook/cmake_prefix_path.sh'
[4.588s] Level 1:colcon.colcon_core.environment:checking '/home/rick/ros2_ws/src/install/my_robot_bringup/bin'
[4.588s] Level 1:colcon.colcon_core.environment:checking '/home/rick/ros2_ws/src/install/my_robot_bringup/lib/pkgconfig/my_robot_bringup.pc'
[4.589s] Level 1:colcon.colcon_core.environment:checking '/home/rick/ros2_ws/src/install/my_robot_bringup/lib/python3.12/site-packages'
[4.589s] Level 1:colcon.colcon_core.environment:checking '/home/rick/ros2_ws/src/install/my_robot_bringup/bin'
[4.589s] INFO:colcon.colcon_core.shell:Creating package script '/home/rick/ros2_ws/src/install/my_robot_bringup/share/my_robot_bringup/package.ps1'
[4.590s] INFO:colcon.colcon_core.shell:Creating package descriptor '/home/rick/ros2_ws/src/install/my_robot_bringup/share/my_robot_bringup/package.dsv'
[4.591s] INFO:colcon.colcon_core.shell:Creating package script '/home/rick/ros2_ws/src/install/my_robot_bringup/share/my_robot_bringup/package.sh'
[4.592s] INFO:colcon.colcon_core.shell:Creating package script '/home/rick/ros2_ws/src/install/my_robot_bringup/share/my_robot_bringup/package.bash'
[4.593s] INFO:colcon.colcon_core.shell:Creating package script '/home/rick/ros2_ws/src/install/my_robot_bringup/share/my_robot_bringup/package.zsh'
[4.594s] Level 1:colcon.colcon_core.environment:create_file_with_runtime_dependencies(/home/rick/ros2_ws/src/install/my_robot_bringup/share/colcon-core/packages/my_robot_bringup)
[4.684s] Level 1:colcon.colcon_core.environment:create_environment_scripts_only(my_robot_description)
[4.684s] DEBUG:colcon.colcon_core.event_handler.log_command:Invoked command in '/home/rick/ros2_ws/src/build/my_robot_description' returned '0': CMAKE_PREFIX_PATH=${CMAKE_PREFIX_PATH}:/opt/ros/jazzy DEBUGINFOD_URLS=https://debuginfod.ubuntu.com /usr/bin/cmake --install /home/rick/ros2_ws/src/build/my_robot_description
[4.685s] Level 1:colcon.colcon_core.environment:checking '/home/rick/ros2_ws/src/install/my_robot_description' for CMake module files
[4.686s] Level 1:colcon.colcon_core.environment:checking '/home/rick/ros2_ws/src/install/my_robot_description' for CMake config files
[4.686s] Level 1:colcon.colcon_core.shell:create_environment_hook('my_robot_description', 'cmake_prefix_path')
[4.686s] INFO:colcon.colcon_core.shell:Creating environment hook '/home/rick/ros2_ws/src/install/my_robot_description/share/my_robot_description/hook/cmake_prefix_path.ps1'
[4.687s] INFO:colcon.colcon_core.shell:Creating environment descriptor '/home/rick/ros2_ws/src/install/my_robot_description/share/my_robot_description/hook/cmake_prefix_path.dsv'
[4.688s] INFO:colcon.colcon_core.shell:Creating environment hook '/home/rick/ros2_ws/src/install/my_robot_description/share/my_robot_description/hook/cmake_prefix_path.sh'
[4.689s] Level 1:colcon.colcon_core.environment:checking '/home/rick/ros2_ws/src/install/my_robot_description/bin'
[4.689s] Level 1:colcon.colcon_core.environment:checking '/home/rick/ros2_ws/src/install/my_robot_description/lib/pkgconfig/my_robot_description.pc'
[4.689s] Level 1:colcon.colcon_core.environment:checking '/home/rick/ros2_ws/src/install/my_robot_description/lib/python3.12/site-packages'
[4.690s] Level 1:colcon.colcon_core.environment:checking '/home/rick/ros2_ws/src/install/my_robot_description/bin'
[4.690s] INFO:colcon.colcon_core.shell:Creating package script '/home/rick/ros2_ws/src/install/my_robot_description/share/my_robot_description/package.ps1'
[4.691s] INFO:colcon.colcon_core.shell:Creating package descriptor '/home/rick/ros2_ws/src/install/my_robot_description/share/my_robot_description/package.dsv'
[4.691s] INFO:colcon.colcon_core.shell:Creating package script '/home/rick/ros2_ws/src/install/my_robot_description/share/my_robot_description/package.sh'
[4.692s] INFO:colcon.colcon_core.shell:Creating package script '/home/rick/ros2_ws/src/install/my_robot_description/share/my_robot_description/package.bash'
[4.692s] INFO:colcon.colcon_core.shell:Creating package script '/home/rick/ros2_ws/src/install/my_robot_description/share/my_robot_description/package.zsh'
[4.693s] Level 1:colcon.colcon_core.environment:create_file_with_runtime_dependencies(/home/rick/ros2_ws/src/install/my_robot_description/share/colcon-core/packages/my_robot_description)
[4.693s] Level 1:colcon.colcon_core.environment:create_environment_scripts_only(my_robot_description)
[4.694s] Level 1:colcon.colcon_core.environment:checking '/home/rick/ros2_ws/src/install/my_robot_description' for CMake module files
[4.694s] Level 1:colcon.colcon_core.environment:checking '/home/rick/ros2_ws/src/install/my_robot_description' for CMake config files
[4.695s] Level 1:colcon.colcon_core.shell:create_environment_hook('my_robot_description', 'cmake_prefix_path')
[4.695s] INFO:colcon.colcon_core.shell:Creating environment hook '/home/rick/ros2_ws/src/install/my_robot_description/share/my_robot_description/hook/cmake_prefix_path.ps1'
[4.696s] INFO:colcon.colcon_core.shell:Creating environment descriptor '/home/rick/ros2_ws/src/install/my_robot_description/share/my_robot_description/hook/cmake_prefix_path.dsv'
[4.697s] INFO:colcon.colcon_core.shell:Creating environment hook '/home/rick/ros2_ws/src/install/my_robot_description/share/my_robot_description/hook/cmake_prefix_path.sh'
[4.697s] Level 1:colcon.colcon_core.environment:checking '/home/rick/ros2_ws/src/install/my_robot_description/bin'
[4.698s] Level 1:colcon.colcon_core.environment:checking '/home/rick/ros2_ws/src/install/my_robot_description/lib/pkgconfig/my_robot_description.pc'
[4.698s] Level 1:colcon.colcon_core.environment:checking '/home/rick/ros2_ws/src/install/my_robot_description/lib/python3.12/site-packages'
[4.698s] Level 1:colcon.colcon_core.environment:checking '/home/rick/ros2_ws/src/install/my_robot_description/bin'
[4.699s] INFO:colcon.colcon_core.shell:Creating package script '/home/rick/ros2_ws/src/install/my_robot_description/share/my_robot_description/package.ps1'
[4.699s] INFO:colcon.colcon_core.shell:Creating package descriptor '/home/rick/ros2_ws/src/install/my_robot_description/share/my_robot_description/package.dsv'
[4.700s] INFO:colcon.colcon_core.shell:Creating package script '/home/rick/ros2_ws/src/install/my_robot_description/share/my_robot_description/package.sh'
[4.701s] INFO:colcon.colcon_core.shell:Creating package script '/home/rick/ros2_ws/src/install/my_robot_description/share/my_robot_description/package.bash'
[4.701s] INFO:colcon.colcon_core.shell:Creating package script '/home/rick/ros2_ws/src/install/my_robot_description/share/my_robot_description/package.zsh'
[4.702s] Level 1:colcon.colcon_core.environment:create_file_with_runtime_dependencies(/home/rick/ros2_ws/src/install/my_robot_description/share/colcon-core/packages/my_robot_description)
[4.703s] DEBUG:colcon.colcon_parallel_executor.executor.parallel:closing loop
[4.703s] DEBUG:colcon.colcon_parallel_executor.executor.parallel:loop closed
[4.703s] DEBUG:colcon.colcon_parallel_executor.executor.parallel:run_until_complete finished with '0'
[4.703s] DEBUG:colcon.colcon_core.event_reactor:joining thread
[4.741s] INFO:colcon.colcon_core.plugin_system:Skipping extension 'colcon_notification.desktop_notification.terminal_notifier': Not used on non-Darwin systems
[4.742s] INFO:colcon.colcon_core.plugin_system:Skipping extension 'colcon_notification.desktop_notification.win32': Not used on non-Windows systems
[4.742s] INFO:colcon.colcon_notification.desktop_notification:Sending desktop notification using 'notify2'
[5.130s] DEBUG:colcon.colcon_core.event_reactor:joined thread
[5.131s] INFO:colcon.colcon_core.shell:Creating prefix script '/home/rick/ros2_ws/src/install/local_setup.ps1'
[5.133s] INFO:colcon.colcon_core.shell:Creating prefix util module '/home/rick/ros2_ws/src/install/_local_setup_util_ps1.py'
[5.136s] INFO:colcon.colcon_core.shell:Creating prefix chain script '/home/rick/ros2_ws/src/install/setup.ps1'
[5.139s] INFO:colcon.colcon_core.shell:Creating prefix script '/home/rick/ros2_ws/src/install/local_setup.sh'
[5.141s] INFO:colcon.colcon_core.shell:Creating prefix util module '/home/rick/ros2_ws/src/install/_local_setup_util_sh.py'
[5.141s] INFO:colcon.colcon_core.shell:Creating prefix chain script '/home/rick/ros2_ws/src/install/setup.sh'
[5.144s] INFO:colcon.colcon_core.shell:Creating prefix script '/home/rick/ros2_ws/src/install/local_setup.bash'
[5.146s] INFO:colcon.colcon_core.shell:Creating prefix chain script '/home/rick/ros2_ws/src/install/setup.bash'
[5.149s] INFO:colcon.colcon_core.shell:Creating prefix script '/home/rick/ros2_ws/src/install/local_setup.zsh'
[5.151s] INFO:colcon.colcon_core.shell:Creating prefix chain script '/home/rick/ros2_ws/src/install/setup.zsh'
